<?xml version="1.0" encoding="UTF-8"?>
<!-- Generated by org.testng.reporters.JUnitXMLReporter -->
<testsuite ignored="0" hostname="LAPTOP-FAP6QC75" failures="0" tests="7" name="AllTests" time="45.316" errors="0" timestamp="2020-12-20T07:26:37 PST">
  <testcase classname="tests.NegativeLoginTests" name="negativeLoginTests" time="1.518"/>
  <testcase classname="tests.TaskCreationTest" name="taskCreationTest" time="8.791"/>
  <testcase classname="tests.NegativeLoginTests" name="negativeLoginTests" time="1.595"/>
  <testcase classname="tests.NegativeLoginTests" name="negativeLoginTests" time="1.248"/>
  <testcase classname="tests.TaskCreationTest" name="taskCreationTest" time="8.231"/>
  <testcase classname="tests.NegativeLoginTests" name="negativeLoginTests" time="0.281"/>
  <testcase classname="tests.NegativeLoginTests" name="negativeLoginTests" time="0.3"/>
</testsuite> <!-- AllTests -->
