<?xml version="1.0" encoding="UTF-8"?>
<!-- Generated by org.testng.reporters.JUnitXMLReporter -->
<testsuite ignored="0" hostname="LAPTOP-FAP6QC75" failures="2" tests="2" name="LoginTests" time="29.622" errors="0" timestamp="2020-12-07T12:49:24 PST">
  <testcase classname="tests.TestCase" name="login1" time="7.895">
    <failure type="java.lang.AssertionError" message="expected [true] but found [false]">
      <![CDATA[java.lang.AssertionError: expected [true] but found [false]
at reusableComponents.EngineAction.assertEqualsString(EngineAction.java:122)
at pageObjects.TasksPageObjects.verifyTaskCreationInDB(TasksPageObjects.java:63)
at tests.TestCase.login1(TestCase.java:30)
at java.base/java.util.concurrent.ThreadPoolExecutor.runWorker(ThreadPoolExecutor.java:1128)
at java.base/java.util.concurrent.ThreadPoolExecutor$Worker.run(ThreadPoolExecutor.java:628)
at java.base/java.lang.Thread.run(Thread.java:834)
... Removed 16 stack frames]]>
    </failure>
  </testcase> <!-- login1 -->
  <testcase classname="tests.TestCase" name="login1" time="5.206">
    <failure type="java.lang.AssertionError" message="expected [true] but found [false]">
      <![CDATA[java.lang.AssertionError: expected [true] but found [false]
at reusableComponents.EngineAction.assertEqualsString(EngineAction.java:122)
at pageObjects.TasksPageObjects.verifyTaskCreationInDB(TasksPageObjects.java:63)
at tests.TestCase.login1(TestCase.java:30)
at java.base/java.util.concurrent.ThreadPoolExecutor.runWorker(ThreadPoolExecutor.java:1128)
at java.base/java.util.concurrent.ThreadPoolExecutor$Worker.run(ThreadPoolExecutor.java:628)
at java.base/java.lang.Thread.run(Thread.java:834)
... Removed 16 stack frames]]>
    </failure>
  </testcase> <!-- login1 -->
</testsuite> <!-- LoginTests -->
