<?xml version="1.0" encoding="UTF-8"?>
<!-- Generated by org.testng.reporters.JUnitXMLReporter -->
<testsuite ignored="0" hostname="LAPTOP-FAP6QC75" failures="0" tests="5" name="negativeLoginTest" time="41.319" errors="0" timestamp="2020-12-19T22:32:28 PST">
  <testcase classname="tests.NegativeLoginTests" name="negativeLoginTests" time="1.39"/>
  <testcase classname="tests.NegativeLoginTests" name="negativeLoginTests" time="1.244"/>
  <testcase classname="tests.NegativeLoginTests" name="negativeLoginTests" time="1.288"/>
  <testcase classname="tests.NegativeLoginTests" name="negativeLoginTests" time="0.294"/>
  <testcase classname="tests.NegativeLoginTests" name="negativeLoginTests" time="0.413"/>
</testsuite> <!-- negativeLoginTest -->
