<?xml version="1.0" encoding="UTF-8"?>
<!-- Generated by org.testng.reporters.JUnitXMLReporter -->
<testsuite ignored="0" hostname="LAPTOP-FAP6QC75" failures="0" tests="5" name="negativeLoginTest" time="43.002" errors="0" timestamp="2020-12-20T07:22:51 PST">
  <testcase classname="tests.NegativeLoginTests" name="negativeLoginTests" time="1.593"/>
  <testcase classname="tests.NegativeLoginTests" name="negativeLoginTests" time="1.22"/>
  <testcase classname="tests.NegativeLoginTests" name="negativeLoginTests" time="1.415"/>
  <testcase classname="tests.NegativeLoginTests" name="negativeLoginTests" time="0.29"/>
  <testcase classname="tests.NegativeLoginTests" name="negativeLoginTests" time="0.32"/>
</testsuite> <!-- negativeLoginTest -->
