<?xml version="1.0" encoding="UTF-8"?>
<!-- Generated by org.testng.reporters.JUnitXMLReporter -->
<testsuite ignored="0" hostname="LAPTOP-FAP6QC75" failures="7" tests="7" name="Test" time="41.776" errors="0" timestamp="2020-12-19T10:58:55 PST">
  <testcase classname="tests.TaskCreationTest" name="taskCreationTest" time="0.217">
    <failure type="java.lang.NullPointerException">
      <![CDATA[java.lang.NullPointerException
at reusableComponents.EngineAction.sendText(EngineAction.java:28)
at pageObjects.LoginPageObjects.loginIntoAccount(LoginPageObjects.java:20)
at tests.TaskCreationTest.taskCreationTest(TaskCreationTest.java:22)
at java.base/java.util.concurrent.ThreadPoolExecutor.runWorker(ThreadPoolExecutor.java:1128)
at java.base/java.util.concurrent.ThreadPoolExecutor$Worker.run(ThreadPoolExecutor.java:628)
at java.base/java.lang.Thread.run(Thread.java:834)
... Removed 12 stack frames]]>
    </failure>
  </testcase> <!-- taskCreationTest -->
  <testcase classname="tests.NegativeLoginTests" name="negativeLoginTests" time="0.214">
    <failure type="java.lang.NullPointerException">
      <![CDATA[java.lang.NullPointerException
at reusableComponents.EngineAction.sendText(EngineAction.java:28)
at pageObjects.LoginPageObjects.loginIntoAccount(LoginPageObjects.java:20)
at tests.NegativeLoginTests.negativeLoginTests(NegativeLoginTests.java:25)
at java.base/java.util.concurrent.ThreadPoolExecutor.runWorker(ThreadPoolExecutor.java:1128)
at java.base/java.util.concurrent.ThreadPoolExecutor$Worker.run(ThreadPoolExecutor.java:628)
at java.base/java.lang.Thread.run(Thread.java:834)
... Removed 12 stack frames]]>
    </failure>
  </testcase> <!-- negativeLoginTests -->
  <testcase classname="tests.TaskCreationTest" name="taskCreationTest" time="0.178">
    <failure type="java.lang.NullPointerException">
      <![CDATA[java.lang.NullPointerException
at reusableComponents.EngineAction.sendText(EngineAction.java:28)
at pageObjects.LoginPageObjects.loginIntoAccount(LoginPageObjects.java:20)
at tests.TaskCreationTest.taskCreationTest(TaskCreationTest.java:22)
at java.base/java.util.concurrent.ThreadPoolExecutor.runWorker(ThreadPoolExecutor.java:1128)
at java.base/java.util.concurrent.ThreadPoolExecutor$Worker.run(ThreadPoolExecutor.java:628)
at java.base/java.lang.Thread.run(Thread.java:834)
... Removed 12 stack frames]]>
    </failure>
  </testcase> <!-- taskCreationTest -->
  <testcase classname="tests.NegativeLoginTests" name="negativeLoginTests" time="0.157">
    <failure type="java.lang.NullPointerException">
      <![CDATA[java.lang.NullPointerException
at reusableComponents.EngineAction.sendText(EngineAction.java:28)
at pageObjects.LoginPageObjects.loginIntoAccount(LoginPageObjects.java:20)
at tests.NegativeLoginTests.negativeLoginTests(NegativeLoginTests.java:25)
at java.base/java.util.concurrent.ThreadPoolExecutor.runWorker(ThreadPoolExecutor.java:1128)
at java.base/java.util.concurrent.ThreadPoolExecutor$Worker.run(ThreadPoolExecutor.java:628)
at java.base/java.lang.Thread.run(Thread.java:834)
... Removed 12 stack frames]]>
    </failure>
  </testcase> <!-- negativeLoginTests -->
  <testcase classname="tests.NegativeLoginTests" name="negativeLoginTests" time="0.157">
    <failure type="java.lang.NullPointerException">
      <![CDATA[java.lang.NullPointerException
at reusableComponents.EngineAction.sendText(EngineAction.java:28)
at pageObjects.LoginPageObjects.loginIntoAccount(LoginPageObjects.java:20)
at tests.NegativeLoginTests.negativeLoginTests(NegativeLoginTests.java:25)
at java.base/java.util.concurrent.ThreadPoolExecutor.runWorker(ThreadPoolExecutor.java:1128)
at java.base/java.util.concurrent.ThreadPoolExecutor$Worker.run(ThreadPoolExecutor.java:628)
at java.base/java.lang.Thread.run(Thread.java:834)
... Removed 12 stack frames]]>
    </failure>
  </testcase> <!-- negativeLoginTests -->
  <testcase classname="tests.NegativeLoginTests" name="negativeLoginTests" time="0.128">
    <failure type="java.lang.NullPointerException">
      <![CDATA[java.lang.NullPointerException
at reusableComponents.EngineAction.sendText(EngineAction.java:28)
at pageObjects.LoginPageObjects.loginIntoAccount(LoginPageObjects.java:20)
at tests.NegativeLoginTests.negativeLoginTests(NegativeLoginTests.java:25)
at java.base/java.util.concurrent.ThreadPoolExecutor.runWorker(ThreadPoolExecutor.java:1128)
at java.base/java.util.concurrent.ThreadPoolExecutor$Worker.run(ThreadPoolExecutor.java:628)
at java.base/java.lang.Thread.run(Thread.java:834)
... Removed 12 stack frames]]>
    </failure>
  </testcase> <!-- negativeLoginTests -->
  <testcase classname="tests.NegativeLoginTests" name="negativeLoginTests" time="0.179">
    <failure type="java.lang.NullPointerException">
      <![CDATA[java.lang.NullPointerException
at reusableComponents.EngineAction.sendText(EngineAction.java:28)
at pageObjects.LoginPageObjects.loginIntoAccount(LoginPageObjects.java:20)
at tests.NegativeLoginTests.negativeLoginTests(NegativeLoginTests.java:25)
at java.base/java.util.concurrent.ThreadPoolExecutor.runWorker(ThreadPoolExecutor.java:1128)
at java.base/java.util.concurrent.ThreadPoolExecutor$Worker.run(ThreadPoolExecutor.java:628)
at java.base/java.lang.Thread.run(Thread.java:834)
... Removed 12 stack frames]]>
    </failure>
  </testcase> <!-- negativeLoginTests -->
</testsuite> <!-- Test -->
