<?xml version="1.0" encoding="UTF-8"?>
<!-- Generated by org.testng.reporters.JUnitXMLReporter -->
<testsuite ignored="0" hostname="LAPTOP-FAP6QC75" failures="0" tests="5" name="Test" time="60.161" errors="0" timestamp="2020-12-29T10:02:40 PST">
  <testcase classname="endToEndTests.AddNewUserTest" name="addNewUserTest" time="4.669"/>
  <testcase classname="endToEndTests.AddNewUserTest" name="addNewUserTest" time="4.119"/>
  <testcase classname="endToEndTests.AddNewUserTest" name="addNewUserTest" time="4.097"/>
  <testcase classname="endToEndTests.AddNewUserTest" name="addNewUserTest" time="4.226"/>
  <testcase classname="endToEndTests.AddNewUserTest" name="addNewUserTest" time="3.962"/>
</testsuite> <!-- Test -->
